sty 10, 2021 11:26:14 AM application.LoginController validate
INFO: User dawidek024 has logged in
sty 10, 2021 11:26:33 AM application.LoginController validate
INFO: User dawidek024 has logged in
sty 10, 2021 11:27:33 AM application.LoginController validate
INFO: User dawidek024 has logged in
sty 10, 2021 11:27:50 AM application.LoginController validate
INFO: User pajacyk has logged in
sty 10, 2021 11:29:50 AM application.LoginController validate
INFO: User dsa failed to login
sty 10, 2021 11:30:03 AM application.LoginController validate
INFO: User pajacyk failed to login
sty 10, 2021 11:39:44 AM application.LoginController validate
INFO: User dawidek024 has logged in
sty 10, 2021 11:47:29 AM application.LoginController validate
INFO: User dawidek024 has logged in
sty 10, 2021 11:49:51 AM application.LoginController validate
INFO: User dawidek024 has logged in
sty 10, 2021 11:51:20 AM application.LoginController validate
INFO: User dawidek024 has logged in
sty 10, 2021 12:35:04 PM application.LoginController validate
INFO: User dawidek024 has logged in
sty 10, 2021 12:35:20 PM application.LoginController validate
INFO: User pajacyk has logged in
sty 10, 2021 1:56:51 PM application.LoginController validate
INFO: User dawidek024 has logged in
sty 11, 2021 5:33:54 PM application.LoginController validate
INFO: User dawidek024 has logged in
sty 11, 2021 5:39:37 PM application.LoginController validate
INFO: User dawidek024 has logged in
sty 11, 2021 5:41:11 PM application.LoginController validate
INFO: User dawidek024 has logged in
sty 11, 2021 5:42:50 PM application.LoginController validate
INFO: User dawidek024 has logged in
sty 11, 2021 5:44:43 PM application.LoginController validate
INFO: User dawidek024 has logged in
sty 11, 2021 5:50:19 PM application.LoginController validate
INFO: User dawidek024 has logged in
sty 11, 2021 6:03:02 PM application.LoginController validate
INFO: User dawidek024 has logged in
sty 11, 2021 6:04:06 PM application.LoginController validate
INFO: User dawidek024 has logged in
sty 11, 2021 6:06:24 PM application.LoginController validate
INFO: User dawidek024 has logged in
sty 11, 2021 6:10:47 PM application.LoginController validate
INFO: User dawidek024 has logged in
sty 11, 2021 6:13:17 PM application.LoginController validate
INFO: User dawidek024 has logged in
sty 11, 2021 6:14:44 PM application.LoginController validate
INFO: User dawidek024 has logged in
sty 11, 2021 6:20:49 PM application.LoginController validate
INFO: User dawidek024 has logged in
sty 11, 2021 6:30:50 PM application.LoginController validate
INFO: User dawidek024 has logged in
sty 11, 2021 6:31:53 PM application.LoginController validate
INFO: User dawidek024 has logged in
sty 11, 2021 6:36:34 PM application.LoginController validate
INFO: User dawidek024 has logged in
sty 11, 2021 6:38:23 PM application.LoginController validate
INFO: User dawidek024 has logged in
sty 11, 2021 6:44:07 PM application.LoginController validate
INFO: User dawidek024 has logged in
sty 11, 2021 6:44:42 PM application.LoginController validate
INFO: User dawidek024 has logged in
sty 11, 2021 6:45:50 PM application.LoginController validate
INFO: User dawidek024 has logged in
sty 11, 2021 6:57:25 PM application.LoginController validate
INFO: User dawidek024 has logged in
sty 11, 2021 6:57:53 PM application.LoginController validate
INFO: User dawidek024 has logged in
sty 11, 2021 6:59:45 PM application.LoginController validate
INFO: User dawidek024 has logged in
sty 11, 2021 7:01:37 PM application.LoginController validate
INFO: User dawidek024 has logged in
sty 11, 2021 7:02:37 PM application.LoginController validate
INFO: User dawidek024 has logged in
sty 11, 2021 7:07:06 PM application.LoginController validate
INFO: User dawidek024 has logged in
sty 11, 2021 7:08:04 PM application.LoginController validate
INFO: User dawidek024 has logged in
sty 11, 2021 7:12:08 PM application.LoginController validate
INFO: User dawidek024 has logged in
sty 12, 2021 10:54:50 AM application.LoginController validate
INFO: User dawidek024 has logged in
sty 12, 2021 11:26:45 AM application.LoginController validate
INFO: User pajacyk has logged in
sty 12, 2021 11:27:47 AM application.LoginController validate
INFO: User pajacyk has logged in
sty 12, 2021 11:30:27 AM application.LoginController validate
INFO: User pajacyk has logged in
sty 12, 2021 11:31:37 AM application.LoginController validate
INFO: User pajacyk has logged in
sty 12, 2021 11:33:02 AM application.LoginController validate
INFO: User pajacyk has logged in
sty 12, 2021 11:34:19 AM application.LoginController validate
INFO: User fgjh failed to login
sty 12, 2021 11:34:33 AM application.LoginController validate
INFO: User pajacyk failed to login
sty 12, 2021 11:34:39 AM application.LoginController validate
INFO: User pajacyk has logged in
sty 12, 2021 11:35:00 AM application.LoginController validate
INFO: User fernando failed to login
sty 12, 2021 11:39:03 AM application.LoginController validate
INFO: User dawidek024 has logged in
sty 12, 2021 11:39:14 AM application.LoginController validate
INFO: User fernando failed to login
sty 12, 2021 11:39:22 AM application.LoginController validate
INFO: User fernando failed to login
sty 12, 2021 11:39:28 AM application.LoginController validate
INFO: User fernando failed to login
sty 12, 2021 11:40:22 AM application.LoginController validate
INFO: User dawidek024 has logged in
sty 12, 2021 11:40:35 AM application.LoginController validate
INFO: User fernando has logged in
sty 12, 2021 11:41:42 AM application.LoginController validate
INFO: User dawidek024 has logged in
sty 12, 2021 11:43:10 AM application.LoginController validate
INFO: User dawidek024 has logged in
sty 12, 2021 11:44:31 AM application.LoginController validate
INFO: User dawidek024 has logged in
sty 12, 2021 11:46:06 AM application.LoginController validate
INFO: User dawidek024 has logged in
sty 12, 2021 11:46:27 AM application.LoginController validate
INFO: User dawidek024 has logged in
sty 12, 2021 11:46:49 AM application.LoginController validate
INFO: User dawidek024 has logged in
sty 12, 2021 11:50:59 AM application.LoginController validate
INFO: User dawidek0244 failed to login
sty 12, 2021 11:51:02 AM application.LoginController validate
INFO: User dawidek024 has logged in
sty 12, 2021 11:54:33 AM application.LoginController validate
INFO: User fernando123 has logged in
sty 12, 2021 11:55:36 AM application.LoginController validate
INFO: User fernando123 has logged in
sty 12, 2021 11:59:22 AM application.LoginController validate
INFO: User dawidek024 has logged in
sty 12, 2021 12:00:17 PM application.LoginController validate
INFO: User dawidek024 has logged in
sty 12, 2021 12:08:24 PM application.LoginController validate
INFO: User dawidek024 has logged in
sty 12, 2021 12:18:24 PM application.LoginController validate
INFO: User dawidek024 has logged in
sty 12, 2021 12:20:58 PM application.LoginController validate
INFO: User dawidek024 has logged in
sty 12, 2021 12:23:12 PM application.LoginController validate
INFO: User dawidek024 has logged in
sty 12, 2021 12:25:53 PM application.LoginController validate
INFO: User dawidek024 has logged in
sty 12, 2021 12:26:56 PM application.LoginController validate
INFO: User dawidek024 has logged in
sty 12, 2021 12:28:41 PM application.LoginController validate
INFO: User dawidek024 has logged in
sty 12, 2021 12:29:40 PM application.LoginController validate
INFO: User dawidek024 has logged in
sty 12, 2021 12:31:42 PM application.LoginController validate
INFO: User dawidek0244 failed to login
sty 12, 2021 12:31:55 PM application.LoginController validate
INFO: User dawidek024 has logged in
sty 12, 2021 12:32:57 PM application.LoginController validate
INFO: User dawidek024 has logged in
sty 12, 2021 12:34:17 PM application.LoginController validate
INFO: User dawidek024 has logged in
sty 12, 2021 12:35:11 PM application.LoginController validate
INFO: User dawidek024 failed to login
sty 12, 2021 12:35:14 PM application.LoginController validate
INFO: User dawidek0244 has logged in
sty 12, 2021 12:39:53 PM application.LoginController validate
INFO: User dawidek0244 has logged in
sty 12, 2021 1:52:18 PM application.LoginController validate
INFO: User hulkMaster failed to login
sty 12, 2021 1:52:35 PM application.LoginController validate
INFO: User hulkMaster has logged in
sty 12, 2021 1:53:07 PM application.LoginController validate
INFO: User hulkMaster has logged in
sty 12, 2021 2:19:56 PM application.LoginController validate
INFO: User dawidek024 has logged in
sty 12, 2021 2:20:44 PM application.LoginController validate
INFO: User dawidek024 has logged in
sty 12, 2021 2:21:44 PM application.LoginController validate
INFO: User dawidek024 has logged in
sty 12, 2021 2:23:20 PM application.LoginController validate
INFO: User dawidek024 has logged in
sty 12, 2021 2:24:40 PM application.LoginController validate
INFO: User dawidek024 has logged in
sty 12, 2021 2:27:12 PM application.LoginController validate
INFO: User dawidek024 has logged in
sty 12, 2021 2:29:22 PM application.LoginController validate
INFO: User dawidek024 has logged in
sty 12, 2021 2:30:44 PM application.LoginController validate
INFO: User dawidek024 failed to login
sty 12, 2021 2:30:48 PM application.LoginController validate
INFO: User dawidek0244 has logged in
sty 12, 2021 2:32:15 PM application.LoginController validate
INFO: User dawidek024 has logged in
sty 12, 2021 2:33:22 PM application.LoginController validate
INFO: User dawidek0244 has logged in
sty 12, 2021 2:37:02 PM application.LoginController validate
INFO: User dawidek024 has logged in
sty 12, 2021 2:41:36 PM application.LoginController validate
INFO: User dawidek024 has logged in
sty 12, 2021 2:46:25 PM application.LoginController validate
INFO: User dawidek024 has logged in
sty 12, 2021 2:53:22 PM application.LoginController validate
INFO: User dawidek024 has logged in
sty 12, 2021 2:58:54 PM application.LoginController validate
INFO: User dawidek024 has logged in
sty 12, 2021 3:01:51 PM application.LoginController validate
INFO: User dawidek024 has logged in
sty 12, 2021 3:02:07 PM application.LoginController validate
INFO: User dawidek024 has logged in
sty 12, 2021 3:08:08 PM application.LoginController validate
INFO: User dawidek024 has logged in
sty 12, 2021 3:08:19 PM application.SettingsController changeEmailAction
INFO: User dawidek024 has changed email 
sty 13, 2021 2:00:43 PM application.LoginController validate
INFO: User dawidek024 has logged in
sty 13, 2021 2:01:21 PM application.SettingsController changeEmailAction
INFO: User dawidek024 has changed email 
sty 13, 2021 2:01:30 PM application.SettingsController changeIDButton
INFO: User dawidek0244 has changed user_id 
sty 13, 2021 2:01:36 PM application.SettingsController changeIDButton
INFO: User dawidek024 has changed user_id 
sty 21, 2021 1:33:45 PM application.LoginController validate
INFO: User dhf failed to login
sty 22, 2021 11:31:44 AM application.LoginController validate
INFO: User dawidek024 has logged in
lut 04, 2021 1:39:09 PM application.LoginController validate
INFO: User dawidek024 has logged in
lut 04, 2021 2:26:07 PM application.LoginController validate
INFO: User daswf failed to login
lut 04, 2021 2:26:21 PM application.LoginController validate
INFO: User dawidek024 has logged in
lut 04, 2021 8:22:54 PM application.LoginController validate
INFO: User sdgdsg failed to login
lut 04, 2021 8:23:08 PM application.LoginController validate
INFO: User dawidek024 has logged in
lut 04, 2021 8:26:56 PM application.SettingsController changeEmailAction
INFO: User dawidek024 has changed email 
